WARNING 2018-04-10 14:40:01,764 base 23120 139691441792768 Not Found: /robots.txt
WARNING 2018-04-10 14:40:01,767 basehttp 23120 139691441792768 "GET /robots.txt HTTP/1.1" 404 2467
WARNING 2018-04-10 14:40:02,038 basehttp 23120 139691416614656 "GET /static/DataTables/bootstrap.min.css.map HTTP/1.1" 404 1720
WARNING 2018-04-10 14:40:02,480 basehttp 23120 139691416614656 "GET /static/DataTables/pdfmake.min.js.map HTTP/1.1" 404 1711
WARNING 2018-04-10 14:40:06,805 basehttp 23120 139691408221952 "GET /static/DataTables/pdfmake.min.js.map HTTP/1.1" 404 1711
WARNING 2018-04-10 14:40:06,808 basehttp 23120 139691433400064 "GET /static/DataTables/bootstrap.min.css.map HTTP/1.1" 404 1720
WARNING 2018-04-10 14:40:11,254 basehttp 23120 139691433400064 "GET /static/DataTables/bootstrap.min.css.map HTTP/1.1" 404 1720
WARNING 2018-04-10 14:40:11,821 basehttp 23120 139691408221952 "GET /static/DataTables/pdfmake.min.js.map HTTP/1.1" 404 1711
WARNING 2018-04-10 15:08:45,850 base 26123 140608563832576 Not Found: /robots.txt
WARNING 2018-04-10 15:08:45,853 basehttp 26123 140608563832576 "GET /robots.txt HTTP/1.1" 404 2467
WARNING 2018-04-10 15:08:46,248 basehttp 26123 140608787076864 "GET /static/DataTables/bootstrap.min.css.map HTTP/1.1" 404 1720
WARNING 2018-04-10 15:08:46,758 basehttp 26123 140608572225280 "GET /static/DataTables/pdfmake.min.js.map HTTP/1.1" 404 1711
WARNING 2018-04-10 15:22:47,424 base 27307 140546496526080 Not Found: /robots.txt
WARNING 2018-04-10 15:22:47,427 basehttp 27307 140546496526080 "GET /robots.txt HTTP/1.1" 404 2467
WARNING 2018-04-10 15:22:47,786 basehttp 27307 140546881193728 "GET /static/DataTables/bootstrap.min.css.map HTTP/1.1" 404 1720
WARNING 2018-04-10 15:22:48,231 basehttp 27307 140546872801024 "GET /static/DataTables/pdfmake.min.js.map HTTP/1.1" 404 1711
WARNING 2018-04-10 15:23:28,763 basehttp 27307 140546856015616 "GET /static/DataTables/bootstrap.min.css.map HTTP/1.1" 404 1720
WARNING 2018-04-10 15:23:29,185 basehttp 27307 140546847622912 "GET /static/DataTables/pdfmake.min.js.map HTTP/1.1" 404 1711
WARNING 2018-04-13 10:33:53,196 base 23616 139922516338432 Not Found: /static/css/bootstrap.min.css
WARNING 2018-04-13 10:33:53,203 base 23616 139922516338432 Not Found: /static/css/bootstrap-multiselect.css
WARNING 2018-04-13 10:33:53,208 base 23616 139922516338432 Not Found: /static/DataTables/datatables.min.css
WARNING 2018-04-13 10:33:53,212 base 23616 139922516338432 Not Found: /static/css/font-awesome.min.css
WARNING 2018-04-13 10:33:53,214 base 23616 139922516338432 Not Found: /static/js/jquery-3.2.1.min.js
WARNING 2018-04-13 10:33:53,218 base 23616 139922516338432 Not Found: /static/js/tether.min.js
WARNING 2018-04-13 10:33:53,222 base 23616 139922516338432 Not Found: /robots.txt
WARNING 2018-04-13 10:33:53,227 base 23616 139922516338432 Not Found: /static/js/bootstrap.min.js
WARNING 2018-04-13 10:33:53,233 base 23616 139922516338432 Not Found: /static/js/bootstrap-multiselect.js
WARNING 2018-04-13 10:33:53,241 base 23616 139922516338432 Not Found: /static/DataTables/datatables.min.js
WARNING 2018-04-13 10:33:53,468 base 23616 139922516338432 Not Found: /favicon.ico
WARNING 2018-04-13 10:33:55,259 base 23616 139922516338432 Not Found: /static/css/bootstrap.min.css
WARNING 2018-04-13 10:33:55,267 base 23616 139922516338432 Not Found: /static/css/bootstrap-multiselect.css
WARNING 2018-04-13 10:33:55,274 base 23616 139922516338432 Not Found: /static/DataTables/datatables.min.css
WARNING 2018-04-13 10:33:55,278 base 23616 139922516338432 Not Found: /static/css/font-awesome.min.css
WARNING 2018-04-13 10:33:55,286 base 23616 139922516338432 Not Found: /static/js/jquery-3.2.1.min.js
WARNING 2018-04-13 10:33:55,290 base 23616 139922516338432 Not Found: /static/js/tether.min.js
WARNING 2018-04-13 10:33:55,295 base 23616 139922516338432 Not Found: /static/js/bootstrap.min.js
WARNING 2018-04-13 10:33:55,301 base 23616 139922516338432 Not Found: /static/js/bootstrap-multiselect.js
WARNING 2018-04-13 10:33:55,306 base 23616 139922516338432 Not Found: /static/DataTables/datatables.min.js
WARNING 2018-04-13 10:33:58,073 base 23616 139922516338432 Not Found: /static/js/tether.min.js
WARNING 2018-04-13 10:33:58,076 base 23616 139922516338432 Not Found: /static/js/bootstrap.min.js
WARNING 2018-04-13 10:33:58,080 base 23616 139922516338432 Not Found: /static/js/bootstrap-multiselect.js
WARNING 2018-04-13 10:33:58,085 base 23616 139922516338432 Not Found: /static/DataTables/datatables.min.js
WARNING 2018-04-13 10:36:11,598 base 23616 139922516338432 Not Found: /static/css/bootstrap.min.css
WARNING 2018-04-13 10:36:11,601 base 23616 139922516338432 Not Found: /static/css/bootstrap-multiselect.css
WARNING 2018-04-13 10:36:11,605 base 23616 139922516338432 Not Found: /static/DataTables/datatables.min.css
WARNING 2018-04-13 10:36:11,609 base 23616 139922516338432 Not Found: /static/css/font-awesome.min.css
WARNING 2018-04-13 10:36:11,614 base 23616 139922516338432 Not Found: /static/js/jquery-3.2.1.min.js
WARNING 2018-04-13 10:36:11,619 base 23616 139922516338432 Not Found: /static/js/tether.min.js
WARNING 2018-04-13 10:36:11,624 base 23616 139922516338432 Not Found: /static/js/bootstrap.min.js
WARNING 2018-04-13 10:36:11,629 base 23616 139922516338432 Not Found: /static/js/bootstrap-multiselect.js
WARNING 2018-04-13 10:36:11,632 base 23616 139922516338432 Not Found: /static/DataTables/datatables.min.js
WARNING 2018-04-13 10:36:13,693 base 23616 139922516338432 Not Found: /static/css/bootstrap.min.css
WARNING 2018-04-13 10:36:13,699 base 23616 139922516338432 Not Found: /static/css/bootstrap-multiselect.css
WARNING 2018-04-13 10:36:13,704 base 23616 139922516338432 Not Found: /static/DataTables/datatables.min.css
WARNING 2018-04-13 10:36:13,708 base 23616 139922516338432 Not Found: /static/css/font-awesome.min.css
WARNING 2018-04-13 10:36:13,714 base 23616 139922516338432 Not Found: /static/js/jquery-3.2.1.min.js
WARNING 2018-04-13 10:36:13,721 base 23616 139922516338432 Not Found: /static/js/tether.min.js
WARNING 2018-04-13 10:36:13,727 base 23616 139922516338432 Not Found: /static/js/bootstrap.min.js
WARNING 2018-04-13 10:36:13,732 base 23616 139922516338432 Not Found: /static/js/bootstrap-multiselect.js
WARNING 2018-04-13 10:36:13,737 base 23616 139922516338432 Not Found: /static/DataTables/datatables.min.js
WARNING 2018-04-13 10:36:16,671 base 23616 139922516338432 Not Found: /static/js/tether.min.js
WARNING 2018-04-13 10:36:16,677 base 23616 139922516338432 Not Found: /static/js/bootstrap.min.js
WARNING 2018-04-13 10:36:16,683 base 23616 139922516338432 Not Found: /static/js/bootstrap-multiselect.js
WARNING 2018-04-13 10:36:16,688 base 23616 139922516338432 Not Found: /static/DataTables/datatables.min.js
WARNING 2018-04-13 10:36:54,735 base 23616 139922516338432 Not Found: /static/js/bootstrap.min.js
WARNING 2018-04-13 10:36:54,739 base 23616 139922516338432 Not Found: /static/css/bootstrap.min.css
WARNING 2018-04-13 10:36:54,742 base 23616 139922516338432 Not Found: /static/css/bootstrap-multiselect.css
WARNING 2018-04-13 10:36:54,746 base 23616 139922516338432 Not Found: /static/DataTables/datatables.min.css
WARNING 2018-04-13 10:36:54,750 base 23616 139922516338432 Not Found: /static/css/font-awesome.min.css
WARNING 2018-04-13 10:36:54,754 base 23616 139922516338432 Not Found: /static/js/jquery-3.2.1.min.js
WARNING 2018-04-13 10:36:54,758 base 23616 139922516338432 Not Found: /static/js/tether.min.js
WARNING 2018-04-13 10:36:54,762 base 23616 139922516338432 Not Found: /static/js/bootstrap-multiselect.js
WARNING 2018-04-13 10:36:54,766 base 23616 139922516338432 Not Found: /static/DataTables/datatables.min.js
WARNING 2018-04-13 10:36:54,786 base 23616 139922516338432 Not Found: /static/js/bootstrap.min.js
WARNING 2018-04-13 10:36:54,855 base 23616 139922516338432 Not Found: /static/js/bootstrap-multiselect.js
WARNING 2018-04-13 10:36:54,862 base 23616 139922516338432 Not Found: /static/DataTables/datatables.min.js
WARNING 2018-04-13 10:36:55,525 base 23616 139922516338432 Not Found: /static/css/bootstrap.min.css
WARNING 2018-04-13 10:36:55,530 base 23616 139922516338432 Not Found: /static/css/bootstrap-multiselect.css
WARNING 2018-04-13 10:36:55,534 base 23616 139922516338432 Not Found: /static/DataTables/datatables.min.css
WARNING 2018-04-13 10:36:55,538 base 23616 139922516338432 Not Found: /static/css/font-awesome.min.css
WARNING 2018-04-13 10:36:55,542 base 23616 139922516338432 Not Found: /static/js/jquery-3.2.1.min.js
WARNING 2018-04-13 10:36:55,546 base 23616 139922516338432 Not Found: /static/js/tether.min.js
WARNING 2018-04-13 10:36:55,551 base 23616 139922516338432 Not Found: /static/js/bootstrap.min.js
WARNING 2018-04-13 10:36:55,557 base 23616 139922516338432 Not Found: /static/js/bootstrap-multiselect.js
WARNING 2018-04-13 10:36:55,562 base 23616 139922516338432 Not Found: /static/DataTables/datatables.min.js
WARNING 2018-04-13 10:36:57,046 base 23616 139922516338432 Not Found: /static/css/bootstrap.min.css
WARNING 2018-04-13 10:36:57,050 base 23616 139922516338432 Not Found: /static/css/bootstrap-multiselect.css
WARNING 2018-04-13 10:36:57,054 base 23616 139922516338432 Not Found: /static/DataTables/datatables.min.css
WARNING 2018-04-13 10:36:57,059 base 23616 139922516338432 Not Found: /static/css/font-awesome.min.css
WARNING 2018-04-13 10:36:57,064 base 23616 139922516338432 Not Found: /static/js/jquery-3.2.1.min.js
WARNING 2018-04-13 10:36:57,068 base 23616 139922516338432 Not Found: /static/js/tether.min.js
WARNING 2018-04-13 10:36:57,073 base 23616 139922516338432 Not Found: /static/js/bootstrap.min.js
WARNING 2018-04-13 10:36:57,077 base 23616 139922516338432 Not Found: /static/js/bootstrap-multiselect.js
WARNING 2018-04-13 10:36:57,082 base 23616 139922516338432 Not Found: /static/DataTables/datatables.min.js
WARNING 2018-04-13 10:36:57,279 base 23616 139922516338432 Not Found: /favicon.ico
WARNING 2018-04-13 10:36:59,860 base 23616 139922516338432 Not Found: /static/js/tether.min.js
WARNING 2018-04-13 10:36:59,864 base 23616 139922516338432 Not Found: /static/js/bootstrap.min.js
WARNING 2018-04-13 10:36:59,869 base 23616 139922516338432 Not Found: /static/js/bootstrap-multiselect.js
WARNING 2018-04-13 10:36:59,874 base 23616 139922516338432 Not Found: /static/DataTables/datatables.min.js
